["USC00211063", "2003", 136.30172413793105, -5.429378531073446, 69.40322580645162]	null
["USC00211063", "1997", 121.77777777777777, 10.850828729281767, 79.4]	null
["USC00211063", "1986", 125.93370165745857, 17.701117318435752, 90.17241379310344]	null
["USC00211063", "1987", 156.543661971831, 33.05665722379604, 65.66666666666667]	null
["USC00211063", "1984", 129.08683473389357, 14.044943820224718, 85.78082191780823]	null
["USC00211063", "1985", 116.9475138121547, -4.513888888888889, 73.9875]	null
["USC00211063", "1982", 117.30446927374301, 1.6123595505617978, 72.26388888888889]	null
["USC00211063", "1983", 124.89531680440771, 18.612535612535613, 60.3855421686747]	null
["USC00211063", "1980", 134.187675070028, 15.678466076696164, 61.0655737704918]	null
["USC00211063", "1981", 146.05292479108635, 18.459610027855152, 72.53521126760563]	null
["USC00211063", "1988", 147.7950138504155, 13.614525139664805, 85.03448275862068]	null
["USC00211063", "1989", 123.82191780821918, 2.095505617977528, 74.28947368421052]	null
["USC00211063", "1996", 99.3801652892562, -6.481792717086835, 82.44736842105263]	null
["USC00211063", "2011", 120.6470588235294, -4.754929577464789, 74.2875]	null
["USC00211063", "2010", 120.88795518207283, -1.9202279202279202, 79.15053763440861]	null
["USC00211063", "2013", -36.166666666666664, -171.33333333333334, NaN]	null
["USC00211063", "2012", 145.74137931034483, 3.8892215568862274, 63.028985507246375]	null
["USC00211063", "2005", 138.04545454545453, 6.156976744186046, 82.17948717948718]	null
["USC00211063", "1991", 132.6767123287671, 11.247191011235955, 94.69333333333333]	null
["USC00211063", "1990", 145.38736263736263, 10.930362116991644, 68.74647887323944]	null
["USC00211063", "1993", 107.4423076923077, 2.565096952908587, 87.02352941176471]	null
["USC00211063", "1992", 127.70028011204482, 7.449438202247191, 73.3974358974359]	null
["USC00211063", "1995", 115.37359550561797, 14.84225352112676, 89.83908045977012]	null
["USC00211063", "1994", 124.06648199445983, 12.494413407821229, 84.43661971830986]	null
["USC00211063", "1979", 106.87016574585635, -15.389972144846796, 85.50704225352112]	null
["USC00211063", "1978", 118.08864265927978, -7.648044692737431, 75.41666666666667]	null
["USC00211063", "1977", 137.76506024096386, 13.615853658536585, 79.68888888888888]	null
["USC00211063", "1976", 168.9480122324159, 8.835866261398177, 43.787234042553195]	null
["USC00211063", "1975", 119.29639889196676, -7.141666666666667, 73.18518518518519]	null
["USC00211063", "1974", 127.18715083798882, -6.8655462184873945, 61.833333333333336]	null
["USC00211063", "1973", -56.0, -151.46666666666667, 43.333333333333336]	null
["USC00211063", "2002", 127.35277777777777, 7.0055555555555555, 64.86868686868686]	null
["USC00211063", "1999", 140.99442896935932, 15.47191011235955, 66.0375]	null
["USC00211063", "2000", 124.69972451790633, -1.1643454038997214, 67.24489795918367]	null
["USC00211063", "2001", 130.6353591160221, 8.3342776203966, 85.47619047619048]	null
["USC00211063", "2006", 138.34534534534535, 4.156441717791411, 88.84375]	null
["USC00211063", "2007", 125.3562874251497, -4.2786377708978325, 107.25352112676056]	null
["USC00211063", "2004", 135.47042253521127, -2.0309859154929577, 84.39285714285714]	null
["USC00211063", "1998", 137.3969696969697, 33.406060606060606, 106.11864406779661]	null
["USC00211063", "2008", 107.2874617737003, -26.21183800623053, 107.0923076923077]	null
["USC00211063", "2009", 103.68639053254438, -18.41839762611276, 89.9746835443038]	null
["USC00500433", "1948", 66.78651685393258, 27.27027027027027, 68.17721518987342]	null
["USC00500433", "1949", 70.92116182572614, 22.75111111111111, 60.23529411764706]	null
["USC00500433", "1942", 47.320754716981135, -0.21568627450980393, 65.97101449275362]	null
["USC00500433", "1940", 74.27855153203343, 24.825214899713465, 53.26294820717131]	null
["USC00500433", "1941", 76.52513966480447, 27.296296296296298, 72.51492537313433]	null
["USC00500433", "1947", 73.69536423841059, 37.64, 55.825]	null
["USC00500433", "1945", 80.96, 37.09053497942387, 42.88652482269504]	null
["USC00500433", "1918", 69.09655172413792, 30.43344709897611, 79.63207547169812]	null
["USC00500433", "1936", 90.89403973509934, 42.61486486486486, 73.8688524590164]	null
["USC00500433", "1923", 60.47899159663866, 9.938053097345133, 65.63218390804597]	null
["USC00500433", "1924", 66.14565826330532, 20.125730994152047, 54.702564102564104]	null
["USC00500433", "1925", 29.99290780141844, -15.404580152671755, 55.14736842105263]	null
["USC00500433", "1926", 53.489177489177486, 10.866666666666667, 55.209150326797385]	null
["USC00500433", "1927", 55.34468085106383, 7.29646017699115, 66.73493975903614]	null
["USC00500433", "1928", 27.710843373493976, -19.817073170731707, 46.583333333333336]	null
["USC00500433", "1937", 54.50261780104712, 5.307262569832402, 68.33561643835617]	null
["USC00500433", "1939", 56.24221453287197, 7.577617328519856, 60.144329896907216]	null
["USC00500433", "1938", 73.50140056022408, 21.955882352941178, 60.37410071942446]	null
["USC00500433", "1917", 69.4421052631579, 18.454248366013072, 79.10714285714286]	null
["USC00500433", "1916", 45.38461538461539, 1.6046511627906976, 100.67213114754098]	null
["MX000008172", "1997", 200.84549356223175, 46.14, 115.86868686868686]	null
["MX000008172", "1961", 221.86301369863014, 36.198830409356724, 131.37614678899084]	null
["MX000008172", "1998", 239.6153846153846, 57.46296296296296, 97.5952380952381]	null
["MX000008172", "1988", 217.58904109589042, 47.737430167597765, 120.53846153846153]	null
["MX000008172", "1928", 216.41785714285714, 59.760714285714286, 122.5]	null
["MX000008172", "1929", 210.6027397260274, 20.183561643835617, 76.92391304347827]	null
["MX000008172", "1989", 210.3972602739726, 45.23121387283237, 120.03361344537815]	null
["MX000008172", "1986", 231.23287671232876, 58.14404432132964, 97.44]	null
["MX000008172", "1987", 212.0, 42.096317280453256, 108.41284403669725]	null
["MX000008172", "1984", 221.26027397260273, 51.0195530726257, 104.08208955223881]	null
["MX000008172", "1985", 222.5205479452055, 64.90140845070422, 98.65873015873017]	null
["MX000008172", "1968", 218.16438356164383, 37.93002915451895, 120.41025641025641]	null
["MX000008172", "1969", 240.76712328767124, 44.24501424501425, 97.6547619047619]	null
["MX000008172", "1980", 221.8562874251497, 41.2037037037037, 93.97368421052632]	null
["MX000008172", "1981", 223.97260273972603, 53.554913294797686, 117.96296296296296]	null
["MX000008172", "1966", 224.0, 36.72566371681416, 108.90265486725664]	null
["MX000008172", "1967", 232.70958083832335, 47.14521452145215, 109.9326923076923]	null
["MX000008172", "1960", 224.84931506849315, 42.27350427350427, 138.86075949367088]	null
["MX000008172", "1962", 221.53424657534248, 31.141618497109828, 91.93103448275862]	null
["MX000008172", "1963", 221.437125748503, 35.17741935483871, 132.2093023255814]	null
["MX000008172", "1996", 233.80239520958085, 56.97852760736196, 113.05882352941177]	null
["MX000008172", "1931", 200.320987654321, 28.74897119341564, 103.48484848484848]	null
["MX000008172", "1930", 210.34730538922156, 46.8502994011976, 80.76595744680851]	null
["MX000008172", "1982", 229.6986301369863, 42.19718309859155, 120.77551020408163]	null
["MX000008172", "1959", 217.53875968992247, 54.12133891213389, 100.78301886792453]	null
["MX000008172", "1958", 213.73376623376623, 68.5374149659864, 106.64634146341463]	null
["MX000008172", "1983", 225.94520547945206, 34.438202247191015, 107.49549549549549]	null
["MX000008172", "1991", 213.21292775665398, 39.58661417322835, 129.61864406779662]	null
["MX000008172", "1990", 204.23287671232876, 45.42521994134897, 120.30508474576271]	null
["MX000008172", "1993", 259.4109589041096, 26.91780821917808, 116.73394495412845]	null
["MX000008172", "1992", 248.4794520547945, 25.39835164835165, 100.45378151260505]	null
["MX000008172", "1995", 223.63013698630138, 52.34375, 97.16666666666667]	null
["MX000008172", "1994", 235.23026315789474, 49.09240924092409, 87.85714285714286]	null
["MX000008172", "1979", 211.13698630136986, 32.32294617563739, 110.57608695652173]	null
["MX000008172", "1978", 210.08219178082192, 24.36111111111111, 105.52631578947368]	null
["MX000008172", "1977", 211.5068493150685, 41.25373134328358, 102.49285714285715]	null
["MX000008172", "1976", 208.24657534246575, 34.40340909090909, 107.04347826086956]	null
["MX000008172", "1975", 231.42465753424656, 30.501392757660167, 99.09]	null
["MX000008172", "1974", 238.586301369863, 40.84285714285714, 116.49]	null
["MX000008172", "1973", 238.92814371257484, 37.46987951807229, 109.95876288659794]	null
["MX000008172", "1972", 237.53424657534248, 47.83692307692308, 112.4862385321101]	null
["MX000008172", "1971", 232.74520547945207, 46.19648093841642, 99.77678571428571]	null
["MX000008172", "1970", 235.97260273972603, 33.861671469740635, 84.61538461538461]	null
["MX000008172", "1964", 223.05389221556885, 44.43037974683544, 92.5940594059406]	null
["MX000008172", "1965", 229.5879120879121, 37.213855421686745, 138.2183908045977]	null
